<?xml version="1.0" encoding="UTF-8"?>
<testng-results ignored="0" total="1" passed="0" failed="1" skipped="0">
  <reporter-output>
  </reporter-output>
  <suite started-at="2026-06-30T17:46:41 IST" name="Default suite" finished-at="2026-06-30T17:48:47 IST" duration-ms="126794">
    <groups>
      <group name="cucumber">
        <method signature="AbstractTestNGCucumberTests.runScenario(io.cucumber.testng.PickleWrapper,io.cucumber.testng.FeatureWrapper)[pri:0, instance:io.opencart.runners.TestRunner@e4487af]" name="runScenario" class="io.cucumber.testng.AbstractTestNGCucumberTests"/>
      </group> <!-- cucumber -->
    </groups>
    <test started-at="2026-06-30T17:46:41 IST" name="Default test" finished-at="2026-06-30T17:48:47 IST" duration-ms="126794">
      <class name="io.opencart.runners.TestRunner">
        <test-method is-config="true" signature="setUpClass(org.testng.ITestContext)[pri:0, instance:io.opencart.runners.TestRunner@e4487af]" started-at="2026-06-30T17:46:41 IST" name="setUpClass" finished-at="2026-06-30T17:46:42 IST" duration-ms="1752" status="PASS">
          <params>
            <param index="0">
              <value>
                <![CDATA[org.testng.TestRunner@75793f17]]>
              </value>
            </param>
          </params>
          <reporter-output>
          </reporter-output>
        </test-method> <!-- setUpClass -->
        <test-method signature="runScenario(io.cucumber.testng.PickleWrapper,io.cucumber.testng.FeatureWrapper)[pri:0, instance:io.opencart.runners.TestRunner@e4487af]" started-at="2026-06-30T17:46:42 IST" name="runScenario" description="Runs Cucumber Scenarios" data-provider="scenarios" finished-at="2026-06-30T17:48:47 IST" duration-ms="124178" status="FAIL">
          <params>
            <param index="0">
              <value>
                <![CDATA["OC-C1 - Verify a guest user can complete the checkout process without creating an account"]]>
              </value>
            </param>
            <param index="1">
              <value>
                <![CDATA["Order Checkout Functionality"]]>
              </value>
            </param>
          </params>
          <exception class="org.openqa.selenium.TimeoutException">
            <message>
              <![CDATA[Expected condition failed: waiting for visibility of element located by By.id: button-confirm (tried for 15 second(s) with 250 milliseconds interval)
Build info: version: '4.18.0', revision: 'b6bf9de7cc*'
System info: os.name: 'Windows 11', os.arch: 'amd64', os.version: '10.0', java.version: '21.0.6'
Driver info: driver.version: unknown]]>
            </message>
            <full-stacktrace>
              <![CDATA[org.openqa.selenium.TimeoutException: Expected condition failed: waiting for visibility of element located by By.id: button-confirm (tried for 15 second(s) with 250 milliseconds interval)
Build info: version: '4.18.0', revision: 'b6bf9de7cc*'
System info: os.name: 'Windows 11', os.arch: 'amd64', os.version: '10.0', java.version: '21.0.6'
Driver info: driver.version: unknown
at org.openqa.selenium.support.ui.FluentWait.timeoutException(FluentWait.java:265)
at org.openqa.selenium.support.ui.FluentWait.until(FluentWait.java:228)
at io.opencart.pages.CheckoutPage.clickConfirmOrder(CheckoutPage.java:140)
at io.opencart.stepdefinitions.CheckoutStepDefinitions.userClicksConfirmOrder(CheckoutStepDefinitions.java:150)
at ✽.the user clicks the Final Confirm Order button(file:///C:/Users/NI20696194/eclipse-workspace/opencart/src/test/resources/features/checkout.feature:11)
]]>
            </full-stacktrace>
          </exception> <!-- org.openqa.selenium.TimeoutException -->
          <reporter-output>
          </reporter-output>
        </test-method> <!-- runScenario -->
        <test-method is-config="true" signature="tearDownClass()[pri:0, instance:io.opencart.runners.TestRunner@e4487af]" started-at="2026-06-30T17:48:47 IST" name="tearDownClass" finished-at="2026-06-30T17:48:47 IST" duration-ms="773" status="PASS">
          <reporter-output>
          </reporter-output>
        </test-method> <!-- tearDownClass -->
      </class> <!-- io.opencart.runners.TestRunner -->
    </test> <!-- Default test -->
  </suite> <!-- Default suite -->
</testng-results>
