<?xml version="1.0" encoding="UTF-8"?>
<!-- Generated by org.testng.reporters.JUnitReportReporter -->
<testsuite hostname="APL-JWTQT24" failures="0" tests="1" name="io.opencart.runners.TestRunner" time="124.178" errors="1" timestamp="2026-06-30T17:48:48 IST" skipped="0">
  <testcase classname="io.opencart.runners.TestRunner" name="runScenario" time="124.178">
    <error message="Expected condition failed: waiting for visibility of element located by By.id: button-confirm (tried for 15 second(s) with 250 milliseconds interval)
Build info: version: &#039;4.18.0&#039;, revision: &#039;b6bf9de7cc*&#039;
System info: os.name: &#039;Windows 11&#039;, os.arch: &#039;amd64&#039;, os.version: &#039;10.0&#039;, java.version: &#039;21.0.6&#039;
Driver info: driver.version: unknown" type="org.openqa.selenium.TimeoutException">
      <![CDATA[org.openqa.selenium.TimeoutException: Expected condition failed: waiting for visibility of element located by By.id: button-confirm (tried for 15 second(s) with 250 milliseconds interval)
Build info: version: '4.18.0', revision: 'b6bf9de7cc*'
System info: os.name: 'Windows 11', os.arch: 'amd64', os.version: '10.0', java.version: '21.0.6'
Driver info: driver.version: unknown
at org.openqa.selenium.support.ui.FluentWait.timeoutException(FluentWait.java:265)
at org.openqa.selenium.support.ui.FluentWait.until(FluentWait.java:228)
at io.opencart.pages.CheckoutPage.clickConfirmOrder(CheckoutPage.java:140)
at io.opencart.stepdefinitions.CheckoutStepDefinitions.userClicksConfirmOrder(CheckoutStepDefinitions.java:150)
at ✽.the user clicks the Final Confirm Order button(file:///C:/Users/NI20696194/eclipse-workspace/opencart/src/test/resources/features/checkout.feature:11)
]]>
    </error>
  </testcase> <!-- runScenario -->
</testsuite> <!-- io.opencart.runners.TestRunner -->
